proguard/seeds.txt
com.domen.start.LoginActivity
com.domen.start.LoginActivity: LoginActivity()
com.domen.start.LoginActivity: void onClick(android.view.View)
com.domen.start.PreLoginActivity
com.domen.start.PreLoginActivity: PreLoginActivity()
com.domen.start.PreLoginActivity: void onClick(android.view.View)
com.domen.start.R$anim: int abc_fade_in
com.domen.start.R$anim: int abc_fade_out
com.domen.start.R$anim: int abc_slide_in_bottom
com.domen.start.R$anim: int abc_slide_in_top
com.domen.start.R$anim: int abc_slide_out_bottom
com.domen.start.R$anim: int abc_slide_out_top
com.domen.start.R$attr: int actionBarDivider
com.domen.start.R$attr: int actionBarItemBackground
com.domen.start.R$attr: int actionBarSize
com.domen.start.R$attr: int actionBarSplitStyle
com.domen.start.R$attr: int actionBarStyle
com.domen.start.R$attr: int actionBarTabBarStyle
com.domen.start.R$attr: int actionBarTabStyle
com.domen.start.R$attr: int actionBarTabTextStyle
com.domen.start.R$attr: int actionBarWidgetTheme
com.domen.start.R$attr: int actionButtonStyle
com.domen.start.R$attr: int actionDropDownStyle
com.domen.start.R$attr: int actionLayout
com.domen.start.R$attr: int actionMenuTextAppearance
com.domen.start.R$attr: int actionMenuTextColor
com.domen.start.R$attr: int actionModeBackground
com.domen.start.R$attr: int actionModeCloseButtonStyle
com.domen.start.R$attr: int actionModeCloseDrawable
com.domen.start.R$attr: int actionModeCopyDrawable
com.domen.start.R$attr: int actionModeCutDrawable
com.domen.start.R$attr: int actionModeFindDrawable
com.domen.start.R$attr: int actionModePasteDrawable
com.domen.start.R$attr: int actionModePopupWindowStyle
com.domen.start.R$attr: int actionModeSelectAllDrawable
com.domen.start.R$attr: int actionModeShareDrawable
com.domen.start.R$attr: int actionModeSplitBackground
com.domen.start.R$attr: int actionModeStyle
com.domen.start.R$attr: int actionModeWebSearchDrawable
com.domen.start.R$attr: int actionOverflowButtonStyle
com.domen.start.R$attr: int actionProviderClass
com.domen.start.R$attr: int actionViewClass
com.domen.start.R$bool: int abc_action_bar_embed_tabs_pre_jb
com.domen.start.R$bool: int abc_action_bar_expanded_action_views_exclusive
com.domen.start.R$bool: int abc_config_actionMenuItemAllCaps
com.domen.start.R$bool: int abc_config_allowActionMenuItemTextWithIcon
com.domen.start.R$bool: int abc_config_showMenuShortcutsWhenKeyboardPresent
com.domen.start.R$bool: int abc_split_action_bar_is_narrow
com.domen.start.R$color: int Brown
com.domen.start.R$color: int Orange
com.domen.start.R$color: int Purple
com.domen.start.R$color: int abc_search_url_text_holo
com.domen.start.R$color: int abc_search_url_text_normal
com.domen.start.R$color: int abc_search_url_text_pressed
com.domen.start.R$color: int abc_search_url_text_selected
com.domen.start.R$color: int chat_background
com.domen.start.R$color: int color_scheme_1_1
com.domen.start.R$color: int color_scheme_1_2
com.domen.start.R$color: int color_scheme_1_3
com.domen.start.R$color: int color_scheme_1_4
com.domen.start.R$color: int font_color
com.domen.start.R$color: int list_pressed_color
com.domen.start.R$color: int mainactivity_top
com.domen.start.R$color: int send_backcolor
com.domen.start.R$color: int talky_symbol
com.domen.start.R$color: int talky_symbol_transform
...
org.jivesoftware.smackx.hoxt.provider.AbstractHttpOverXmppProvider
org.jivesoftware.smackx.hoxt.provider.Base64BinaryChunkProvider
org.jivesoftware.smackx.hoxt.provider.HttpOverXmppReqProvider
org.jivesoftware.smackx.hoxt.provider.HttpOverXmppRespProvider
org.jivesoftware.smackx.iqlast.LastActivityManager
org.jivesoftware.smackx.iqlast.packet.LastActivity
org.jivesoftware.smackx.iqlast.packet.LastActivity$Provider
org.jivesoftware.smackx.iqprivate.PrivateDataManager$1
org.jivesoftware.smackx.iqprivate.PrivateDataManager$2
org.jivesoftware.smackx.iqprivate.PrivateDataManager$PrivateDataIQProvider
org.jivesoftware.smackx.iqprivate.PrivateDataManager$PrivateDataResult
org.jivesoftware.smackx.iqversion.packet.Version
org.jivesoftware.smackx.iqversion.provider.VersionProvider
org.jivesoftware.smackx.jiveproperties.provider.JivePropertiesExtensionProvider
org.jivesoftware.smackx.muc.MultiUserChat
org.jivesoftware.smackx.muc.packet.GroupChatInvitation$Provider
org.jivesoftware.smackx.muc.packet.MUCAdmin
org.jivesoftware.smackx.muc.packet.MUCOwner
org.jivesoftware.smackx.muc.provider.MUCAdminProvider
org.jivesoftware.smackx.muc.provider.MUCOwnerProvider
org.jivesoftware.smackx.muc.provider.MUCUserProvider
org.jivesoftware.smackx.nick.packet.Nick$Provider
org.jivesoftware.smackx.offline.packet.OfflineMessageInfo$Provider
org.jivesoftware.smackx.offline.packet.OfflineMessageRequest
org.jivesoftware.smackx.offline.packet.OfflineMessageRequest$Provider
org.jivesoftware.smackx.pep.packet.PEPPubSub
org.jivesoftware.smackx.pep.provider.PEPProvider
org.jivesoftware.smackx.ping.PingManager
org.jivesoftware.smackx.ping.packet.Ping
org.jivesoftware.smackx.ping.packet.Pong
org.jivesoftware.smackx.ping.provider.PingProvider
org.jivesoftware.smackx.privacy.PrivacyListManager
org.jivesoftware.smackx.privacy.packet.Privacy
org.jivesoftware.smackx.privacy.packet.PrivacyItem$Type: org.jivesoftware.smackx.privacy.packet.PrivacyItem$Type[] values()
org.jivesoftware.smackx.privacy.packet.PrivacyItem$Type: org.jivesoftware.smackx.privacy.packet.PrivacyItem$Type valueOf(java.lang.String)
org.jivesoftware.smackx.privacy.provider.PrivacyProvider
org.jivesoftware.smackx.pubsub.AccessModel: org.jivesoftware.smackx.pubsub.AccessModel[] values()
org.jivesoftware.smackx.pubsub.AccessModel: org.jivesoftware.smackx.pubsub.AccessModel valueOf(java.lang.String)
org.jivesoftware.smackx.pubsub.Affiliation$Type: org.jivesoftware.smackx.pubsub.Affiliation$Type[] values()
org.jivesoftware.smackx.pubsub.Affiliation$Type: org.jivesoftware.smackx.pubsub.Affiliation$Type valueOf(java.lang.String)
org.jivesoftware.smackx.pubsub.ChildrenAssociationPolicy: org.jivesoftware.smackx.pubsub.ChildrenAssociationPolicy[] values()
org.jivesoftware.smackx.pubsub.ChildrenAssociationPolicy: org.jivesoftware.smackx.pubsub.ChildrenAssociationPolicy valueOf(java.lang.String)
org.jivesoftware.smackx.pubsub.ConfigureNodeFields: org.jivesoftware.smackx.pubsub.ConfigureNodeFields[] values()
org.jivesoftware.smackx.pubsub.ConfigureNodeFields: org.jivesoftware.smackx.pubsub.ConfigureNodeFields valueOf(java.lang.String)
org.jivesoftware.smackx.pubsub.EventElementType: org.jivesoftware.smackx.pubsub.EventElementType[] values()
org.jivesoftware.smackx.pubsub.EventElementType: org.jivesoftware.smackx.pubsub.EventElementType valueOf(java.lang.String)
org.jivesoftware.smackx.pubsub.FormNodeType: org.jivesoftware.smackx.pubsub.FormNodeType[] values()
org.jivesoftware.smackx.pubsub.FormNodeType: org.jivesoftware.smackx.pubsub.FormNodeType valueOf(java.lang.String)
org.jivesoftware.smackx.pubsub.FormType: org.jivesoftware.smackx.pubsub.FormType[] values()
org.jivesoftware.smackx.pubsub.FormType: org.jivesoftware.smackx.pubsub.FormType valueOf(java.lang.String)
org.jivesoftware.smackx.pubsub.ItemReply: org.jivesoftware.smackx.pubsub.ItemReply[] values()
org.jivesoftware.smackx.pubsub.ItemReply: org.jivesoftware.smackx.pubsub.ItemReply valueOf(java.lang.String)