proguard/mapping.txt
com.domen.start.LoginActivity -> com.domen.start.LoginActivity:
    android.widget.EditText edt_username -> b
    android.widget.EditText edt_password -> c
    android.widget.ImageView btn_login -> d
    org.jivesoftware.smack.tcp.XMPPTCPConnection mXmppConnection -> a
    android.app.ProgressDialog loginDialog -> e
    android.content.SharedPreferences account -> f
    void onCreate(android.os.Bundle) -> onCreate
    boolean onCreateOptionsMenu(android.view.Menu) -> onCreateOptionsMenu
    void onDestroy() -> onDestroy
    void onClick(android.view.View) -> onClick
    void onActivityResult(int,int,android.content.Intent) -> onActivityResult
    android.content.SharedPreferences access$0(com.domen.start.LoginActivity) -> a
    android.app.ProgressDialog access$1(com.domen.start.LoginActivity) -> b
    void access$2(com.domen.start.LoginActivity,android.app.ProgressDialog) -> a
com.domen.start.LoginActivity$DisConnection -> com.domen.start.a:
    java.lang.Void doInBackground(org.jivesoftware.smack.tcp.XMPPTCPConnection[]) -> a
    java.lang.Object doInBackground(java.lang.Object[]) -> doInBackground
com.domen.start.LoginActivity$Login -> com.domen.start.b:
    com.domen.start.LoginActivity this$0 -> a
    java.lang.Integer doInBackground(java.lang.String[]) -> a
    void onPostExecute(java.lang.Integer) -> a
    void onPreExecute() -> onPreExecute
    void onPostExecute(java.lang.Object) -> onPostExecute
    java.lang.Object doInBackground(java.lang.Object[]) -> doInBackground
com.domen.start.PreLoginActivity -> com.domen.start.PreLoginActivity:
    android.widget.TextView tvLogin -> a
    android.widget.TextView tvRegister -> b
    int waitForResult -> c
    int waitForRegister -> d
    void onCreate(android.os.Bundle) -> onCreate
    void onClick(android.view.View) -> onClick
    void onActivityResult(int,int,android.content.Intent) -> onActivityResult
com.domen.start.StartupActivity -> com.domen.start.StartupActivity:
    void onCreate(android.os.Bundle) -> onCreate
    void onConfigurationChanged(android.content.res.Configuration) -> onConfigurationChanged
    boolean needStartApp() -> a
...
org.jivesoftware.smackx.shim.provider.HeadersProvider -> org.jivesoftware.smackx.shim.provider.HeadersProvider:
    org.jivesoftware.smack.packet.PacketExtension createReturnExtension(java.lang.String,java.lang.String,java.util.Map,java.util.List) -> createReturnExtension
org.jivesoftware.smackx.si.packet.StreamInitiation -> org.jivesoftware.smackx.si.packet.StreamInitiation:
    java.lang.String id -> a
    java.lang.String mimeType -> b
    org.jivesoftware.smackx.si.packet.StreamInitiation$File file -> c
    org.jivesoftware.smackx.si.packet.StreamInitiation$Feature featureNegotiation -> d
    void setSessionID(java.lang.String) -> a
    java.lang.String getSessionID() -> a
    void setMimeType(java.lang.String) -> b
    java.lang.String getMimeType() -> b
    void setFile(org.jivesoftware.smackx.si.packet.StreamInitiation$File) -> a
    void setFeatureNegotiationForm(org.jivesoftware.smackx.xdata.packet.DataForm) -> a
    java.lang.String getChildElementXML() -> c
    java.lang.CharSequence getChildElementXML() -> getChildElementXML
org.jivesoftware.smackx.si.packet.StreamInitiation$Feature -> org.jivesoftware.smackx.si.packet.a:
    org.jivesoftware.smackx.xdata.packet.DataForm data -> b
    org.jivesoftware.smackx.si.packet.StreamInitiation this$0 -> a
    java.lang.String getNamespace() -> getNamespace
    java.lang.String getElementName() -> getElementName
    java.lang.String toXML() -> a
    java.lang.CharSequence toXML() -> toXML
org.jivesoftware.smackx.si.packet.StreamInitiation$File -> org.jivesoftware.smackx.si.packet.b:
    java.lang.String name -> a
    long size -> b
    java.lang.String hash -> c
    java.util.Date date -> d
    java.lang.String desc -> e
    boolean isRanged -> f
    java.lang.String getName() -> a
    long getSize() -> b
    void setHash(java.lang.String) -> a
    java.lang.String getHash() -> c
    void setDate(java.util.Date) -> a
    java.util.Date getDate() -> d
    void setDesc(java.lang.String) -> b
    java.lang.String getDesc() -> e
    void setRanged(boolean) -> a
    boolean isRanged() -> f
    java.lang.String getElementName() -> getElementName
    java.lang.String getNamespace() -> getNamespace
    java.lang.String toXML() -> g
    java.lang.CharSequence toXML() -> toXML
org.jivesoftware.smackx.si.provider.StreamInitiationProvider -> org.jivesoftware.smackx.si.provider.StreamInitiationProvider:
    java.util.logging.Logger LOGGER -> a
    org.jivesoftware.smack.packet.IQ parseIQ(org.xmlpull.v1.XmlPullParser) -> parseIQ
org.jivesoftware.smackx.time.EntityTimeManager -> org.jivesoftware.smackx.time.EntityTimeManager:
    java.util.Map INSTANCES -> a
    org.jivesoftware.smack.filter.PacketFilter TIME_PACKET_FILTER -> b
    boolean autoEnable -> c
    boolean enabled -> d
    org.jivesoftware.smackx.time.EntityTimeManager getInstanceFor(org.jivesoftware.smack.XMPPConnection) -> a
    void enable() -> a
    boolean access$000(org.jivesoftware.smackx.time.EntityTimeManager) -> a
    org.jivesoftware.smack.XMPPConnection access$100(org.jivesoftware.smackx.time.EntityTimeManager) -> b
org.jivesoftware.smackx.time.EntityTimeManager$1 -> org.jivesoftware.smackx.time.a:
    void connectionCreated(org.jivesoftware.smack.XMPPConnection) -> connectionCreated
org.jivesoftware.smackx.time.EntityTimeManager$2 -> org.jivesoftware.smackx.time.b:
    org.jivesoftware.smackx.time.EntityTimeManager this$0 -> a
    void processPacket(org.jivesoftware.smack.packet.Packet) -> processPacket
org.jivesoftware.smackx.time.packet.Time -> org.jivesoftware.smackx.time.packet.Time:
    java.util.logging.Logger LOGGER -> a
    java.lang.String utc -> b
    java.lang.String tzo -> c
    org.jivesoftware.smackx.time.packet.Time createResponse(org.jivesoftware.smack.packet.Packet) -> a
    java.lang.String getChildElementXML() -> a
    java.lang.CharSequence getChildElementXML() -> getChildElementXML
org.jivesoftware.smackx.vcardtemp.VCardManager -> org.jivesoftware.smackx.vcardtemp.VCardManager: