proguard/usage.txt
com.domen.start.BuildConfig
com.domen.start.LoginActivity:
    private static final int WaitForRegister
    215:217:public boolean isOnline()
    221:224:public boolean isWifi()
com.domen.start.R
com.domen.start.R$anim
com.domen.start.R$attr
com.domen.start.R$bool
com.domen.start.R$color
com.domen.start.R$dimen
com.domen.start.R$drawable
com.domen.start.R$id
com.domen.start.R$integer
com.domen.start.R$layout
com.domen.start.R$menu
com.domen.start.R$string
com.domen.start.R$style
com.domen.start.R$styleable
...
org.xbill.DNS.LOCRecord:
    private static final long serialVersionUID
    51:58:public LOCRecord(org.xbill.DNS.Name,int,long,double,double,double,double,double,double)
    79:90:private double parseFixedPoint(java.lang.String)
    95:131:private long parsePosition(org.xbill.DNS.Tokenizer,java.lang.String)
    139:156:private long parseDouble(org.xbill.DNS.Tokenizer,java.lang.String,boolean,long,long,long)
    162:171:void rdataFromString(org.xbill.DNS.Tokenizer,org.xbill.DNS.Name)
    249:249:public double getLatitude()
    255:255:public double getLongitude()
    261:261:public double getAltitude()
    267:267:public double getSize()
    273:273:public double getHPrecision()
    279:279:public double getVPrecision()
org.xbill.DNS.Lookup:
    public static final int SUCCESSFUL
    public static final int UNRECOVERABLE
    public static final int TRY_AGAIN
    public static final int HOST_NOT_FOUND
    public static final int TYPE_NOT_FOUND
    115:116:public static synchronized void setDefaultResolver(org.xbill.DNS.Resolver)
    143:145:public static synchronized void setDefaultCache(org.xbill.DNS.Cache,int)
    162:163:public static synchronized void setDefaultSearchPath(org.xbill.DNS.Name[])
    172:180:public static synchronized void setDefaultSearchPath(java.lang.String[])
    248:249:public Lookup(org.xbill.DNS.Name,int)
    259:260:public Lookup(org.xbill.DNS.Name)
    274:275:public Lookup(java.lang.String,int,int)
    300:301:public Lookup(java.lang.String)
    310:311:public void setResolver(org.xbill.DNS.Resolver)
    320:321:public void setSearchPath(org.xbill.DNS.Name[])
    331:339:public void setSearchPath(java.lang.String[])
    349:356:public void setCache(org.xbill.DNS.Cache)
    368:372:public void setNdots(int)
    381:382:public void setCredibility(int)
    579:585:private void checkDone()
    595:596:public org.xbill.DNS.Record[] getAnswers()
    608:611:public org.xbill.DNS.Name[] getAliases()
    622:623:public int getResult()
    634:644:public java.lang.String getErrorString()
org.xbill.DNS.MBRecord:
    private static final long serialVersionUID
    28:29:public MBRecord(org.xbill.DNS.Name,int,long,org.xbill.DNS.Name)
    34:34:public org.xbill.DNS.Name getMailbox()
org.xbill.DNS.MDRecord:
    private static final long serialVersionUID
    29:30:public MDRecord(org.xbill.DNS.Name,int,long,org.xbill.DNS.Name)
    35:35:public org.xbill.DNS.Name getMailAgent()
org.xbill.DNS.MFRecord:
    private static final long serialVersionUID
    29:30:public MFRecord(org.xbill.DNS.Name,int,long,org.xbill.DNS.Name)
    35:35:public org.xbill.DNS.Name getMailAgent()
org.xbill.DNS.MGRecord:
    private static final long serialVersionUID
    29:30:public MGRecord(org.xbill.DNS.Name,int,long,org.xbill.DNS.Name)
    35:35:public org.xbill.DNS.Name getMailbox()
org.xbill.DNS.MINFORecord:
    private static final long serialVersionUID
    40:45:public MINFORecord(org.xbill.DNS.Name,int,long,org.xbill.DNS.Name,org.xbill.DNS.Name)
    55:57:void rdataFromString(org.xbill.DNS.Tokenizer,org.xbill.DNS.Name)
    72:72:public org.xbill.DNS.Name getResponsibleAddress()
    81:81:public org.xbill.DNS.Name getErrorAddress()
org.xbill.DNS.MRRecord:
    private static final long serialVersionUID
    29:30:public MRRecord(org.xbill.DNS.Name,int,long,org.xbill.DNS.Name)
    35:35:public org.xbill.DNS.Name getNewName()
org.xbill.DNS.MXRecord:
    private static final long serialVersionUID
    30:32:public MXRecord(org.xbill.DNS.Name,int,long,int,org.xbill.DNS.Name)
    37:37:public org.xbill.DNS.Name getTarget()
    43:43:public int getPriority()
org.xbill.DNS.Master